This is pdfTeX, Version 3.14159265-2.6-1.40.19 (MiKTeX 2.9.6730 64-bit) (preloaded format=pdflatex 2018.8.27)  15 OCT 2018 23:57
entering extended mode
**./ESCRITO.tex
(ESCRITO.tex
LaTeX2e <2018-04-01> patch level 5

("C:\Users\Liliana Saus\AppData\Local\Programs\MiKTeX 2.9\tex\latex\base\articl
e.cls"
Document Class: article 2014/09/29 v1.4h Standard LaTeX document class

("C:\Users\Liliana Saus\AppData\Local\Programs\MiKTeX 2.9\tex\latex\base\size12
.clo"
File: size12.clo 2014/09/29 v1.4h Standard LaTeX file (size option)
)
\c@part=\count80
\c@section=\count81
\c@subsection=\count82
\c@subsubsection=\count83
\c@paragraph=\count84
\c@subparagraph=\count85
\c@figure=\count86
\c@table=\count87
\abovecaptionskip=\skip41
\belowcaptionskip=\skip42
\bibindent=\dimen102
)
("C:\Users\Liliana Saus\AppData\Local\Programs\MiKTeX 2.9\tex\latex\base\inpute
nc.sty"
Package: inputenc 2018/04/06 v1.3b Input encoding file
\inpenc@prehook=\toks14
\inpenc@posthook=\toks15
)
("C:\Users\Liliana Saus\AppData\Local\Programs\MiKTeX 2.9\tex\generic\babel\bab
el.sty"
Package: babel 2018/06/05 3.22 The Babel package

("C:\Users\Liliana Saus\AppData\Local\Programs\MiKTeX 2.9\tex\generic\babel\swi
tch.def"
File: switch.def 2018/06/05 3.22 Babel switching mechanism
)
*************************************
* Local config file bblopts.cfg used
*

("C:\Users\Liliana Saus\AppData\Local\Programs\MiKTeX 2.9\tex\latex\arabi\bblop
ts.cfg"
File: bblopts.cfg 2005/09/08 v0.1 add Arabic and Farsi to "declared" options of
 babel
)
("C:\Users\Liliana Saus\AppData\Local\Programs\MiKTeX 2.9\tex\latex\babel-spani
sh\spanish.ldf"
Language: spanish.ldf 2016/03/03 v5.0p Spanish support from the babel system

("C:\Users\Liliana Saus\AppData\Local\Programs\MiKTeX 2.9\tex\generic\babel\bab
el.def"
File: babel.def 2018/06/05 3.22 Babel common definitions
\babel@savecnt=\count88
\U@D=\dimen103

("C:\Users\Liliana Saus\AppData\Local\Programs\MiKTeX 2.9\tex\generic\babel\txt
babel.def")
\bbl@dirlevel=\count89
)
\es@quottoks=\toks16
\es@quotdepth=\count90
Package babel Info: Making " an active character on input line 561.
Package babel Info: Making . an active character on input line 662.
Package babel Info: Making < an active character on input line 707.
Package babel Info: Making > an active character on input line 707.
))
("C:\Users\Liliana Saus\AppData\Local\Programs\MiKTeX 2.9\tex\latex\amsmath\ams
math.sty"
Package: amsmath 2017/09/02 v2.17a AMS math features
\@mathmargin=\skip43

For additional information on amsmath, use the `?' option.

("C:\Users\Liliana Saus\AppData\Local\Programs\MiKTeX 2.9\tex\latex\amsmath\ams
text.sty"
Package: amstext 2000/06/29 v2.01 AMS text

("C:\Users\Liliana Saus\AppData\Local\Programs\MiKTeX 2.9\tex\latex\amsmath\ams
gen.sty"
File: amsgen.sty 1999/11/30 v2.0 generic functions
\@emptytoks=\toks17
\ex@=\dimen104
))
("C:\Users\Liliana Saus\AppData\Local\Programs\MiKTeX 2.9\tex\latex\amsmath\ams
bsy.sty"
Package: amsbsy 1999/11/29 v1.2d Bold Symbols
\pmbraise@=\dimen105
)
("C:\Users\Liliana Saus\AppData\Local\Programs\MiKTeX 2.9\tex\latex\amsmath\ams
opn.sty"
Package: amsopn 2016/03/08 v2.02 operator names
)
\inf@bad=\count91
LaTeX Info: Redefining \frac on input line 213.
\uproot@=\count92
\leftroot@=\count93
LaTeX Info: Redefining \overline on input line 375.
\classnum@=\count94
\DOTSCASE@=\count95
LaTeX Info: Redefining \ldots on input line 472.
LaTeX Info: Redefining \dots on input line 475.
LaTeX Info: Redefining \cdots on input line 596.
\Mathstrutbox@=\box26
\strutbox@=\box27
\big@size=\dimen106
LaTeX Font Info:    Redeclaring font encoding OML on input line 712.
LaTeX Font Info:    Redeclaring font encoding OMS on input line 713.
\macc@depth=\count96
\c@MaxMatrixCols=\count97
\dotsspace@=\muskip10
\c@parentequation=\count98
\dspbrk@lvl=\count99
\tag@help=\toks18
\row@=\count100
\column@=\count101
\maxfields@=\count102
\andhelp@=\toks19
\eqnshift@=\dimen107
\alignsep@=\dimen108
\tagshift@=\dimen109
\tagwidth@=\dimen110
\totwidth@=\dimen111
\lineht@=\dimen112
\@envbody=\toks20
\multlinegap=\skip44
\multlinetaggap=\skip45
\mathdisplay@stack=\toks21
LaTeX Info: Redefining \[ on input line 2817.
LaTeX Info: Redefining \] on input line 2818.
)
("C:\Users\Liliana Saus\AppData\Local\Programs\MiKTeX 2.9\tex\latex\amsfonts\am
sfonts.sty"
Package: amsfonts 2013/01/14 v3.01 Basic AMSFonts support
\symAMSa=\mathgroup4
\symAMSb=\mathgroup5
LaTeX Font Info:    Overwriting math alphabet `\mathfrak' in version `bold'
(Font)                  U/euf/m/n --> U/euf/b/n on input line 106.
)
("C:\Users\Liliana Saus\AppData\Local\Programs\MiKTeX 2.9\tex\latex\amsfonts\am
ssymb.sty"
Package: amssymb 2013/01/14 v3.01 AMS font symbols
)
("C:\Users\Liliana Saus\AppData\Local\Programs\MiKTeX 2.9\tex\latex\float\float
.sty"
Package: float 2001/11/08 v1.3d Float enhancements (AL)
\c@float@type=\count103
\float@exts=\toks22
\float@box=\box28
\@float@everytoks=\toks23
\@floatcapt=\box29
)
("C:\Users\Liliana Saus\AppData\Local\Programs\MiKTeX 2.9\tex\latex\graphics\gr
aphicx.sty"
Package: graphicx 2017/06/01 v1.1a Enhanced LaTeX Graphics (DPC,SPQR)

("C:\Users\Liliana Saus\AppData\Local\Programs\MiKTeX 2.9\tex\latex\graphics\ke
yval.sty"
Package: keyval 2014/10/28 v1.15 key=value parser (DPC)
\KV@toks@=\toks24
)
("C:\Users\Liliana Saus\AppData\Local\Programs\MiKTeX 2.9\tex\latex\graphics\gr
aphics.sty"
Package: graphics 2017/06/25 v1.2c Standard LaTeX Graphics (DPC,SPQR)

("C:\Users\Liliana Saus\AppData\Local\Programs\MiKTeX 2.9\tex\latex\graphics\tr
ig.sty"
Package: trig 2016/01/03 v1.10 sin cos tan (DPC)
)
("C:\Users\Liliana Saus\AppData\Local\Programs\MiKTeX 2.9\tex\latex\graphics-cf
g\graphics.cfg"
File: graphics.cfg 2016/06/04 v1.11 sample graphics configuration
)
Package graphics Info: Driver file: pdftex.def on input line 99.

("C:\Users\Liliana Saus\AppData\Local\Programs\MiKTeX 2.9\tex\latex\graphics-de
f\pdftex.def"
File: pdftex.def 2018/01/08 v1.0l Graphics/color driver for pdftex
))
\Gin@req@height=\dimen113
\Gin@req@width=\dimen114
)
("C:\Users\Liliana Saus\AppData\Local\Programs\MiKTeX 2.9\tex\latex\listings\li
stings.sty"
\lst@mode=\count104
\lst@gtempboxa=\box30
\lst@token=\toks25
\lst@length=\count105
\lst@currlwidth=\dimen115
\lst@column=\count106
\lst@pos=\count107
\lst@lostspace=\dimen116
\lst@width=\dimen117
\lst@newlines=\count108
\lst@lineno=\count109
\lst@maxwidth=\dimen118

("C:\Users\Liliana Saus\AppData\Local\Programs\MiKTeX 2.9\tex\latex\listings\ls
tmisc.sty"
File: lstmisc.sty 2018/09/02 1.7 (Carsten Heinz)
\c@lstnumber=\count110
\lst@skipnumbers=\count111
\lst@framebox=\box31
)
("C:\Users\Liliana Saus\AppData\Local\Programs\MiKTeX 2.9\tex\latex\listings\li
stings.cfg"
File: listings.cfg 2018/09/02 1.7 listings configuration
))
Package: listings 2018/09/02 1.7 (Carsten Heinz)

("C:\Users\Liliana Saus\AppData\Local\Programs\MiKTeX 2.9\tex\latex\pdfpages\pd
fpages.sty"
Package: pdfpages 2017/10/31 v0.5l Insert pages of external PDF documents (AM)

("C:\Users\Liliana Saus\AppData\Local\Programs\MiKTeX 2.9\tex\latex\base\ifthen
.sty"
Package: ifthen 2014/09/29 v1.1c Standard LaTeX ifthen package (DPC)
)
("C:\Users\Liliana Saus\AppData\Local\Programs\MiKTeX 2.9\tex\latex\tools\calc.
sty"
Package: calc 2017/05/25 v4.3 Infix arithmetic (KKT,FJ)
\calc@Acount=\count112
\calc@Bcount=\count113
\calc@Adimen=\dimen119
\calc@Bdimen=\dimen120
\calc@Askip=\skip46
\calc@Bskip=\skip47
LaTeX Info: Redefining \setlength on input line 80.
LaTeX Info: Redefining \addtolength on input line 81.
\calc@Ccount=\count114
\calc@Cskip=\skip48
)
("C:\Users\Liliana Saus\AppData\Local\Programs\MiKTeX 2.9\tex\latex\eso-pic\eso
-pic.sty"
Package: eso-pic 2018/04/12 v2.0h eso-pic (RN)

("C:\Users\Liliana Saus\AppData\Local\Programs\MiKTeX 2.9\tex\generic\oberdiek\
atbegshi.sty"
Package: atbegshi 2016/06/09 v1.18 At begin shipout hook (HO)

("C:\Users\Liliana Saus\AppData\Local\Programs\MiKTeX 2.9\tex\generic\oberdiek\
infwarerr.sty"
Package: infwarerr 2016/05/16 v1.4 Providing info/warning/error messages (HO)
)
("C:\Users\Liliana Saus\AppData\Local\Programs\MiKTeX 2.9\tex\generic\oberdiek\
ltxcmds.sty"
Package: ltxcmds 2016/05/16 v1.23 LaTeX kernel commands for general use (HO)
)
("C:\Users\Liliana Saus\AppData\Local\Programs\MiKTeX 2.9\tex\generic\oberdiek\
ifpdf.sty"
Package: ifpdf 2017/03/15 v3.2 Provides the ifpdf switch
))
("C:\Users\Liliana Saus\AppData\Local\Programs\MiKTeX 2.9\tex\latex\xcolor\xcol
or.sty"
Package: xcolor 2016/05/11 v2.12 LaTeX color extensions (UK)

("C:\Users\Liliana Saus\AppData\Local\Programs\MiKTeX 2.9\tex\latex\graphics-cf
g\color.cfg"
File: color.cfg 2016/01/02 v1.6 sample color configuration
)
Package xcolor Info: Driver file: pdftex.def on input line 225.
Package xcolor Info: Model `cmy' substituted by `cmy0' on input line 1348.
Package xcolor Info: Model `hsb' substituted by `rgb' on input line 1352.
Package xcolor Info: Model `RGB' extended on input line 1364.
Package xcolor Info: Model `HTML' substituted by `rgb' on input line 1366.
Package xcolor Info: Model `Hsb' substituted by `hsb' on input line 1367.
Package xcolor Info: Model `tHsb' substituted by `hsb' on input line 1368.
Package xcolor Info: Model `HSB' substituted by `hsb' on input line 1369.
Package xcolor Info: Model `Gray' substituted by `gray' on input line 1370.
Package xcolor Info: Model `wave' substituted by `hsb' on input line 1371.
))
\AM@pagewidth=\dimen121
\AM@pageheight=\dimen122

("C:\Users\Liliana Saus\AppData\Local\Programs\MiKTeX 2.9\tex\latex\pdfpages\pp
pdftex.def"
File: pppdftex.def 2017/10/31 v0.5l Pdfpages driver for pdfTeX (AM)
)
\AM@pagebox=\box32
\AM@global@opts=\toks26
\AM@toc@title=\toks27
\c@AM@survey=\count115
\AM@templatesizebox=\box33
)
("C:\Users\Liliana Saus\AppData\Local\Programs\MiKTeX 2.9\tex\latex\geometry\ge
ometry.sty"
Package: geometry 2018/04/16 v5.8 Page Geometry

("C:\Users\Liliana Saus\AppData\Local\Programs\MiKTeX 2.9\tex\generic\oberdiek\
ifvtex.sty"
Package: ifvtex 2016/05/16 v1.6 Detect VTeX and its facilities (HO)
Package ifvtex Info: VTeX not detected.
)
("C:\Users\Liliana Saus\AppData\Local\Programs\MiKTeX 2.9\tex\generic\ifxetex\i
fxetex.sty"
Package: ifxetex 2010/09/12 v0.6 Provides ifxetex conditional
)
\Gm@cnth=\count116
\Gm@cntv=\count117
\c@Gm@tempcnt=\count118
\Gm@bindingoffset=\dimen123
\Gm@wd@mp=\dimen124
\Gm@odd@mp=\dimen125
\Gm@even@mp=\dimen126
\Gm@layoutwidth=\dimen127
\Gm@layoutheight=\dimen128
\Gm@layouthoffset=\dimen129
\Gm@layoutvoffset=\dimen130
\Gm@dimlist=\toks28

("C:\Users\Liliana Saus\AppData\Local\Programs\MiKTeX 2.9\tex\latex\geometry\ge
ometry.cfg"))

! LaTeX Error: Option clash for package color.

See the LaTeX manual or LaTeX Companion for explanation.
Type  H <return>  for immediate help.
 ...                                              
                                                  
l.14 \lstset
            {
The package color has already been loaded with options:
  []
There has now been an attempt to load it with options
  [usenames,dvipsnames]
Adding the global options:
  ,usenames,dvipsnames
to your \documentclass declaration may fix this.
Try typing  <return>  to proceed.


("C:\Users\Liliana Saus\AppData\Local\Programs\MiKTeX 2.9\tex\latex\listings\ls
tlang1.sty"
File: lstlang1.sty 2018/09/02 1.7 listings language file
)
("C:\Users\Liliana Saus\AppData\Local\Programs\MiKTeX 2.9\tex\latex\listings\ls
tlang2.sty"
File: lstlang2.sty 2018/09/02 1.7 listings language file
)
("C:\Users\Liliana Saus\AppData\Local\Programs\MiKTeX 2.9\tex\latex\listings\ls
tlang3.sty"
File: lstlang3.sty 2018/09/02 1.7 listings language file
) (ESCRITO.aux
LaTeX Info: Redefining \. on input line 6.
LaTeX Info: Redefining \% on input line 6.
)
\openout1 = `ESCRITO.aux'.

LaTeX Font Info:    Checking defaults for OML/cmm/m/it on input line 45.
LaTeX Font Info:    ... okay on input line 45.
LaTeX Font Info:    Checking defaults for T1/cmr/m/n on input line 45.
LaTeX Font Info:    ... okay on input line 45.
LaTeX Font Info:    Checking defaults for OT1/cmr/m/n on input line 45.
LaTeX Font Info:    ... okay on input line 45.
LaTeX Font Info:    Checking defaults for OMS/cmsy/m/n on input line 45.
LaTeX Font Info:    ... okay on input line 45.
LaTeX Font Info:    Checking defaults for OMX/cmex/m/n on input line 45.
LaTeX Font Info:    ... okay on input line 45.
LaTeX Font Info:    Checking defaults for U/cmr/m/n on input line 45.
LaTeX Font Info:    ... okay on input line 45.
LaTeX Info: Redefining \. on input line 45.
LaTeX Info: Redefining \% on input line 45.

("C:\Users\Liliana Saus\AppData\Local\Programs\MiKTeX 2.9\tex\context\base\supp
-pdf.mkii"
[Loading MPS to PDF converter (version 2006.09.02).]
\scratchcounter=\count119
\scratchdimen=\dimen131
\scratchbox=\box34
\nofMPsegments=\count120
\nofMParguments=\count121
\everyMPshowfont=\toks29
\MPscratchCnt=\count122
\MPscratchDim=\dimen132
\MPnumerator=\count123
\makeMPintoPDFobject=\count124
\everyMPtoPDFconversion=\toks30
)
("C:\Users\Liliana Saus\AppData\Local\Programs\MiKTeX 2.9\tex\latex\oberdiek\ep
stopdf-base.sty"
Package: epstopdf-base 2016/05/15 v2.6 Base part for package epstopdf

("C:\Users\Liliana Saus\AppData\Local\Programs\MiKTeX 2.9\tex\latex\oberdiek\gr
fext.sty"
Package: grfext 2016/05/16 v1.2 Manage graphics extensions (HO)

("C:\Users\Liliana Saus\AppData\Local\Programs\MiKTeX 2.9\tex\generic\oberdiek\
kvdefinekeys.sty"
Package: kvdefinekeys 2016/05/16 v1.4 Define keys (HO)
))
("C:\Users\Liliana Saus\AppData\Local\Programs\MiKTeX 2.9\tex\latex\oberdiek\kv
options.sty"
Package: kvoptions 2016/05/16 v3.12 Key value format for package options (HO)

("C:\Users\Liliana Saus\AppData\Local\Programs\MiKTeX 2.9\tex\generic\oberdiek\
kvsetkeys.sty"
Package: kvsetkeys 2016/05/16 v1.17 Key value parser (HO)

("C:\Users\Liliana Saus\AppData\Local\Programs\MiKTeX 2.9\tex\generic\oberdiek\
etexcmds.sty"
Package: etexcmds 2016/05/16 v1.6 Avoid name clashes with e-TeX commands (HO)

("C:\Users\Liliana Saus\AppData\Local\Programs\MiKTeX 2.9\tex\generic\oberdiek\
ifluatex.sty"
Package: ifluatex 2016/05/16 v1.4 Provides the ifluatex switch (HO)
Package ifluatex Info: LuaTeX not detected.
)
Package etexcmds Info: Could not find \expanded.
(etexcmds)             That can mean that you are not using pdfTeX 1.50 or
(etexcmds)             that some package has redefined \expanded.
(etexcmds)             In the latter case, load this package earlier.
)))
("C:\Users\Liliana Saus\AppData\Local\Programs\MiKTeX 2.9\tex\generic\oberdiek\
pdftexcmds.sty"
Package: pdftexcmds 2018/01/30 v0.27 Utility functions of pdfTeX for LuaTeX (HO
)
Package pdftexcmds Info: LuaTeX not detected.
Package pdftexcmds Info: \pdf@primitive is available.
Package pdftexcmds Info: \pdf@ifprimitive is available.
Package pdftexcmds Info: \pdfdraftmode found.
)
Package epstopdf-base Info: Redefining graphics rule for `.eps' on input line 4
38.
Package grfext Info: Graphics extension search list:
(grfext)             [.pdf,.png,.jpg,.mps,.jpeg,.jbig2,.jb2,.PDF,.PNG,.JPG,.JPE
G,.JBIG2,.JB2,.eps]
(grfext)             \AppendGraphicsExtensions on input line 456.
)
\c@lstlisting=\count125
\AtBeginShipoutBox=\box35

("C:\Users\Liliana Saus\AppData\Local\Programs\MiKTeX 2.9\tex\latex\oberdiek\pd
flscape.sty"
Package: pdflscape 2016/05/14 v0.11 Display of landscape pages in PDF (HO)

("C:\Users\Liliana Saus\AppData\Local\Programs\MiKTeX 2.9\tex\latex\graphics\ls
cape.sty"
Package: lscape 2000/10/22 v3.01 Landscape Pages (DPC)
)
Package pdflscape Info: Auto-detected driver: pdftex on input line 81.
)
*geometry* driver: auto-detecting
*geometry* detected driver: pdftex
*geometry* verbose mode - [ preamble ] result:
* driver: pdftex
* paper: letterpaper
* layout: <same size as paper>
* layoutoffset:(h,v)=(0.0pt,0.0pt)
* modes: 
* h-part:(L,W,R)=(85.35826pt, 443.57848pt, 85.35826pt)
* v-part:(T,H,B)=(113.81102pt, 595.8007pt, 85.35826pt)
* \paperwidth=614.295pt
* \paperheight=794.96999pt
* \textwidth=443.57848pt
* \textheight=595.8007pt
* \oddsidemargin=13.08827pt
* \evensidemargin=13.08827pt
* \topmargin=4.54103pt
* \headheight=12.0pt
* \headsep=25.0pt
* \topskip=12.0pt
* \footskip=30.0pt
* \marginparwidth=44.0pt
* \marginparsep=10.0pt
* \columnsep=10.0pt
* \skip\footins=10.8pt plus 4.0pt minus 2.0pt
* \hoffset=0.0pt
* \voffset=0.0pt
* \mag=1000
* \@twocolumnfalse
* \@twosidefalse
* \@mparswitchfalse
* \@reversemarginfalse
* (1in=72.27pt=25.4mm, 1cm=28.453pt)

LaTeX Font Info:    Try loading font information for U+msa on input line 46.

("C:\Users\Liliana Saus\AppData\Local\Programs\MiKTeX 2.9\tex\latex\amsfonts\um
sa.fd"
File: umsa.fd 2013/01/14 v3.01 AMS symbols A
)
LaTeX Font Info:    Try loading font information for U+msb on input line 46.

("C:\Users\Liliana Saus\AppData\Local\Programs\MiKTeX 2.9\tex\latex\amsfonts\um
sb.fd"
File: umsb.fd 2013/01/14 v3.01 AMS symbols B
) [1

{C:/Users/Liliana Saus/AppData/Local/MiKTeX/2.9/pdftex/config/pdftex.map}]
<Rplot.pdf, id=9, 578.16pt x 433.62pt>
File: Rplot.pdf Graphic file (type pdf)
<use Rplot.pdf>
Package pdftex.def Info: Rplot.pdf  used on input line 73.
(pdftex.def)             Requested size: 462.52863pt x 346.89647pt.

Overfull \hbox (18.95015pt too wide) in paragraph at lines 73--74
 [][] 
 []

[2 <./Rplot.pdf>]

! Package xcolor Error: Undefined color `Blue'.

See the xcolor package documentation for explanation.
Type  H <return>  for immediate help.
 ...                                              
                                                  
l.79 > 
       Shapiro.test(resultados$tiempo)
Try typing  <return>  to proceed.
If that doesn't work, type  X <return>  to quit.


! Package xcolor Error: Undefined color `RoyalBlue'.

See the xcolor package documentation for explanation.
Type  H <return>  for immediate help.
 ...                                              
                                                  
l.79 > Shapiro.test(resultados$
                               tiempo)
Try typing  <return>  to proceed.
If that doesn't work, type  X <return>  to quit.


! Package xcolor Error: Undefined color `Blue'.

See the xcolor package documentation for explanation.
Type  H <return>  for immediate help.
 ...                                              
                                                  
l.81     Shapiro-
                 Wilk normality test
Try typing  <return>  to proceed.
If that doesn't work, type  X <return>  to quit.


! Package xcolor Error: Undefined color `Blue'.

See the xcolor package documentation for explanation.
Type  H <return>  for immediate help.
 ...                                              
                                                  
l.81     Shapiro-
                 Wilk normality test
Try typing  <return>  to proceed.
If that doesn't work, type  X <return>  to quit.


! Package xcolor Error: Undefined color `Blue'.

See the xcolor package documentation for explanation.
Type  H <return>  for immediate help.
 ...                                              
                                                  
l.83 data:
            resultados$Tiempo
Try typing  <return>  to proceed.
If that doesn't work, type  X <return>  to quit.


! Package xcolor Error: Undefined color `Blue'.

See the xcolor package documentation for explanation.
Type  H <return>  for immediate help.
 ...                                              
                                                  
l.83 data:
            resultados$Tiempo
Try typing  <return>  to proceed.
If that doesn't work, type  X <return>  to quit.


! Package xcolor Error: Undefined color `RoyalBlue'.

See the xcolor package documentation for explanation.
Type  H <return>  for immediate help.
 ...                                              
                                                  
l.83 data:
            resultados$Tiempo
Try typing  <return>  to proceed.
If that doesn't work, type  X <return>  to quit.


! Package xcolor Error: Undefined color `RoyalBlue'.

See the xcolor package documentation for explanation.
Type  H <return>  for immediate help.
 ...                                              
                                                  
l.83 data:  resultados$
                       Tiempo
Try typing  <return>  to proceed.
If that doesn't work, type  X <return>  to quit.


! Package xcolor Error: Undefined color `Blue'.

See the xcolor package documentation for explanation.
Type  H <return>  for immediate help.
 ...                                              
                                                  
l.84 W 
       = 0.82121, p-value = 4.754e-07
Try typing  <return>  to proceed.
If that doesn't work, type  X <return>  to quit.


! Package xcolor Error: Undefined color `Blue'.

See the xcolor package documentation for explanation.
Type  H <return>  for immediate help.
 ...                                              
                                                  
l.89 > 
       kruskal.test(tiempo ~ Método, data = Resultados)
Try typing  <return>  to proceed.
If that doesn't work, type  X <return>  to quit.


! Package xcolor Error: Undefined color `RoyalBlue'.

See the xcolor package documentation for explanation.
Type  H <return>  for immediate help.
 ...                                              
                                                  
l.89 > kruskal.test(tiempo ~
                             Método, data = Resultados)
Try typing  <return>  to proceed.
If that doesn't work, type  X <return>  to quit.


! Package inputenc Error: Invalid UTF-8 byte sequence.

See the inputenc package documentation for explanation.
Type  H <return>  for immediate help.
 ...                                              
                                                  
l.89 > kruskal.test(tiempo ~ Método,
                                      data = Resultados)
The document does not appear to be in UTF-8 encoding.
Try adding \UseRawInputEncoding as the first line of the file
or specify an encoding such as \usepackage [latin1]{inputenc}
in the document preamble.
Alternatively, save the file in UTF-8 using your editor or another tool


! Package inputenc Error: Invalid UTF-8 byte 169.

See the inputenc package documentation for explanation.
Type  H <return>  for immediate help.
 ...                                              
                                                  
l.89 > kruskal.test(tiempo ~ Método,
                                      data = Resultados)
The document does not appear to be in UTF-8 encoding.
Try adding \UseRawInputEncoding as the first line of the file
or specify an encoding such as \usepackage [latin1]{inputenc}
in the document preamble.
Alternatively, save the file in UTF-8 using your editor or another tool


! Package xcolor Error: Undefined color `RoyalBlue'.

See the xcolor package documentation for explanation.
Type  H <return>  for immediate help.
 ...                                              
                                                  
l.89 > kruskal.test(tiempo ~ Método, data 
                                           = Resultados)
Try typing  <return>  to proceed.
If that doesn't work, type  X <return>  to quit.


! Package xcolor Error: Undefined color `Blue'.

See the xcolor package documentation for explanation.
Type  H <return>  for immediate help.
 ...                                              
                                                  
l.91     Kruskal-
                 Wallis rank sum test
Try typing  <return>  to proceed.
If that doesn't work, type  X <return>  to quit.


! Package xcolor Error: Undefined color `Blue'.

See the xcolor package documentation for explanation.
Type  H <return>  for immediate help.
 ...                                              
                                                  
l.91     Kruskal-
                 Wallis rank sum test
Try typing  <return>  to proceed.
If that doesn't work, type  X <return>  to quit.


! Package xcolor Error: Undefined color `RoyalBlue'.

See the xcolor package documentation for explanation.
Type  H <return>  for immediate help.
 ...                                              
                                                  
l.91     Kruskal-Wallis rank 
                             sum test
Try typing  <return>  to proceed.
If that doesn't work, type  X <return>  to quit.


! Package xcolor Error: Undefined color `RoyalBlue'.

See the xcolor package documentation for explanation.
Type  H <return>  for immediate help.
 ...                                              
                                                  
l.91     Kruskal-Wallis rank sum 
                                 test
Try typing  <return>  to proceed.
If that doesn't work, type  X <return>  to quit.


! Package xcolor Error: Undefined color `Blue'.

See the xcolor package documentation for explanation.
Type  H <return>  for immediate help.
 ...                                              
                                                  
l.93 data:
            Tiempo by Método
Try typing  <return>  to proceed.
If that doesn't work, type  X <return>  to quit.


! Package xcolor Error: Undefined color `Blue'.

See the xcolor package documentation for explanation.
Type  H <return>  for immediate help.
 ...                                              
                                                  
l.93 data:
            Tiempo by Método
Try typing  <return>  to proceed.
If that doesn't work, type  X <return>  to quit.


! Package xcolor Error: Undefined color `RoyalBlue'.

See the xcolor package documentation for explanation.
Type  H <return>  for immediate help.
 ...                                              
                                                  
l.93 data:
            Tiempo by Método
Try typing  <return>  to proceed.
If that doesn't work, type  X <return>  to quit.


! Package xcolor Error: Undefined color `RoyalBlue'.

See the xcolor package documentation for explanation.
Type  H <return>  for immediate help.
 ...                                              
                                                  
l.93 data:  Tiempo by 
                      Método
Try typing  <return>  to proceed.
If that doesn't work, type  X <return>  to quit.


! Package inputenc Error: Invalid UTF-8 byte sequence.

See the inputenc package documentation for explanation.
Type  H <return>  for immediate help.
 ...                                              
                                                  
l.93 data:  Tiempo by Método
                             
The document does not appear to be in UTF-8 encoding.
Try adding \UseRawInputEncoding as the first line of the file
or specify an encoding such as \usepackage [latin1]{inputenc}
in the document preamble.
Alternatively, save the file in UTF-8 using your editor or another tool


! Package inputenc Error: Invalid UTF-8 byte 169.

See the inputenc package documentation for explanation.
Type  H <return>  for immediate help.
 ...                                              
                                                  
l.93 data:  Tiempo by Método
                             
The document does not appear to be in UTF-8 encoding.
Try adding \UseRawInputEncoding as the first line of the file
or specify an encoding such as \usepackage [latin1]{inputenc}
in the document preamble.
Alternatively, save the file in UTF-8 using your editor or another tool


! Package xcolor Error: Undefined color `Blue'.

See the xcolor package documentation for explanation.
Type  H <return>  for immediate help.
 ...                                              
                                                  
l.94 Kruskal-
             Wallis chi-squared = 15.582, df = 1,
Try typing  <return>  to proceed.
If that doesn't work, type  X <return>  to quit.


! Package xcolor Error: Undefined color `RoyalBlue'.

See the xcolor package documentation for explanation.
Type  H <return>  for immediate help.
 ...                                              
                                                  
l.94 Kruskal-Wallis chi-squared = 15.582, df 
                                             = 1,
Try typing  <return>  to proceed.
If that doesn't work, type  X <return>  to quit.


! Package xcolor Error: Undefined color `Blue'.

See the xcolor package documentation for explanation.
Type  H <return>  for immediate help.
 ...                                              
                                                  
l.95 p-
       value = 7.899e-05
Try typing  <return>  to proceed.
If that doesn't work, type  X <return>  to quit.

<tarea.pdf, id=18, 578.16pt x 433.62pt>
File: tarea.pdf Graphic file (type pdf)
<use tarea.pdf>
Package pdftex.def Info: tarea.pdf  used on input line 107.
(pdftex.def)             Requested size: 462.52863pt x 346.89647pt.

Overfull \hbox (18.95015pt too wide) in paragraph at lines 107--108
 [][] 
 []

[3] [4 <./tarea.pdf>]
<reto.pdf, id=32, 578.16pt x 433.62pt>
File: reto.pdf Graphic file (type pdf)
<use reto.pdf>
Package pdftex.def Info: reto.pdf  used on input line 120.
(pdftex.def)             Requested size: 462.52863pt x 346.89647pt.

Overfull \hbox (18.95015pt too wide) in paragraph at lines 120--121
 [][] 
 []


! Package xcolor Error: Undefined color `Blue'.

See the xcolor package documentation for explanation.
Type  H <return>  for immediate help.
 ...                                              
                                                  
l.127 > 
        kruskal.test(tiempo ~ Método, data = Resultados)
Try typing  <return>  to proceed.
If that doesn't work, type  X <return>  to quit.


! Package xcolor Error: Undefined color `RoyalBlue'.

See the xcolor package documentation for explanation.
Type  H <return>  for immediate help.
 ...                                              
                                                  
l.127 > kruskal.test(tiempo ~
                              Método, data = Resultados)
Try typing  <return>  to proceed.
If that doesn't work, type  X <return>  to quit.


! Package inputenc Error: Invalid UTF-8 byte sequence.

See the inputenc package documentation for explanation.
Type  H <return>  for immediate help.
 ...                                              
                                                  
l.127 > kruskal.test(tiempo ~ Método,
                                       data = Resultados)
The document does not appear to be in UTF-8 encoding.
Try adding \UseRawInputEncoding as the first line of the file
or specify an encoding such as \usepackage [latin1]{inputenc}
in the document preamble.
Alternatively, save the file in UTF-8 using your editor or another tool


! Package inputenc Error: Invalid UTF-8 byte 169.

See the inputenc package documentation for explanation.
Type  H <return>  for immediate help.
 ...                                              
                                                  
l.127 > kruskal.test(tiempo ~ Método,
                                       data = Resultados)
The document does not appear to be in UTF-8 encoding.
Try adding \UseRawInputEncoding as the first line of the file
or specify an encoding such as \usepackage [latin1]{inputenc}
in the document preamble.
Alternatively, save the file in UTF-8 using your editor or another tool


! Package xcolor Error: Undefined color `RoyalBlue'.

See the xcolor package documentation for explanation.
Type  H <return>  for immediate help.
 ...                                              
                                                  
l.127 > kruskal.test(tiempo ~ Método, data 
                                            = Resultados)
Try typing  <return>  to proceed.
If that doesn't work, type  X <return>  to quit.

[5 <./reto.pdf>]

! Package xcolor Error: Undefined color `Blue'.

See the xcolor package documentation for explanation.
Type  H <return>  for immediate help.
 ...                                              
                                                  
l.129     Kruskal-
                  Wallis rank sum test
Try typing  <return>  to proceed.
If that doesn't work, type  X <return>  to quit.


! Package xcolor Error: Undefined color `Blue'.

See the xcolor package documentation for explanation.
Type  H <return>  for immediate help.
 ...                                              
                                                  
l.129     Kruskal-
                  Wallis rank sum test
Try typing  <return>  to proceed.
If that doesn't work, type  X <return>  to quit.


! Package xcolor Error: Undefined color `RoyalBlue'.

See the xcolor package documentation for explanation.
Type  H <return>  for immediate help.
 ...                                              
                                                  
l.129     Kruskal-Wallis rank 
                              sum test
Try typing  <return>  to proceed.
If that doesn't work, type  X <return>  to quit.


! Package xcolor Error: Undefined color `RoyalBlue'.

See the xcolor package documentation for explanation.
Type  H <return>  for immediate help.
 ...                                              
                                                  
l.129     Kruskal-Wallis rank sum 
                                  test
Try typing  <return>  to proceed.
If that doesn't work, type  X <return>  to quit.


! Package xcolor Error: Undefined color `Blue'.

See the xcolor package documentation for explanation.
Type  H <return>  for immediate help.
 ...                                              
                                                  
l.130 data:
             datos$Objetivo by Método
Try typing  <return>  to proceed.
If that doesn't work, type  X <return>  to quit.


! Package xcolor Error: Undefined color `RoyalBlue'.

See the xcolor package documentation for explanation.
Type  H <return>  for immediate help.
 ...                                              
                                                  
l.130 data:
             datos$Objetivo by Método
Try typing  <return>  to proceed.
If that doesn't work, type  X <return>  to quit.


! Package xcolor Error: Undefined color `RoyalBlue'.

See the xcolor package documentation for explanation.
Type  H <return>  for immediate help.
 ...                                              
                                                  
l.130 data:  datos$
                   Objetivo by Método
Try typing  <return>  to proceed.
If that doesn't work, type  X <return>  to quit.


! Package xcolor Error: Undefined color `RoyalBlue'.

See the xcolor package documentation for explanation.
Type  H <return>  for immediate help.
 ...                                              
                                                  
l.130 data:  datos$Objetivo by 
                               Método
Try typing  <return>  to proceed.
If that doesn't work, type  X <return>  to quit.


! Package inputenc Error: Invalid UTF-8 byte sequence.

See the inputenc package documentation for explanation.
Type  H <return>  for immediate help.
 ...                                              
                                                  
l.130 data:  datos$Objetivo by Método
                                      
The document does not appear to be in UTF-8 encoding.
Try adding \UseRawInputEncoding as the first line of the file
or specify an encoding such as \usepackage [latin1]{inputenc}
in the document preamble.
Alternatively, save the file in UTF-8 using your editor or another tool


! Package inputenc Error: Invalid UTF-8 byte 169.

See the inputenc package documentation for explanation.
Type  H <return>  for immediate help.
 ...                                              
                                                  
l.130 data:  datos$Objetivo by Método
                                      
The document does not appear to be in UTF-8 encoding.
Try adding \UseRawInputEncoding as the first line of the file
or specify an encoding such as \usepackage [latin1]{inputenc}
in the document preamble.
Alternatively, save the file in UTF-8 using your editor or another tool


! Package xcolor Error: Undefined color `Blue'.

See the xcolor package documentation for explanation.
Type  H <return>  for immediate help.
 ...                                              
                                                  
l.131 Kruskal-
              Wallis chi-squared = 0.41333, df = 1,
Try typing  <return>  to proceed.
If that doesn't work, type  X <return>  to quit.


! Package xcolor Error: Undefined color `RoyalBlue'.

See the xcolor package documentation for explanation.
Type  H <return>  for immediate help.
 ...                                              
                                                  
l.131 Kruskal-Wallis chi-squared = 0.41333, df 
                                               = 1,
Try typing  <return>  to proceed.
If that doesn't work, type  X <return>  to quit.


! Package xcolor Error: Undefined color `Blue'.

See the xcolor package documentation for explanation.
Type  H <return>  for immediate help.
 ...                                              
                                                  
l.132 p-
        value = 0.5203
Try typing  <return>  to proceed.
If that doesn't work, type  X <return>  to quit.


! Package xcolor Error: Undefined color `Blue'.

See the xcolor package documentation for explanation.
Type  H <return>  for immediate help.
 ...                                              
                                                  
l.134 \end{lstlisting}
                      
Try typing  <return>  to proceed.
If that doesn't work, type  X <return>  to quit.

[6]
<rreto2.pdf, id=44, 578.16pt x 433.62pt>
File: rreto2.pdf Graphic file (type pdf)
<use rreto2.pdf>
Package pdftex.def Info: rreto2.pdf  used on input line 143.
(pdftex.def)             Requested size: 462.52863pt x 346.89647pt.

Overfull \hbox (18.95015pt too wide) in paragraph at lines 143--144
 [][] 
 []

[7 <./rreto2.pdf>]

! Package xcolor Error: Undefined color `Blue'.

See the xcolor package documentation for explanation.
Type  H <return>  for immediate help.
 ...                                              
                                                  
l.150  kruskal.
               test(tiempo ~ Método, data = Resultados)
Try typing  <return>  to proceed.
If that doesn't work, type  X <return>  to quit.


! Package xcolor Error: Undefined color `RoyalBlue'.

See the xcolor package documentation for explanation.
Type  H <return>  for immediate help.
 ...                                              
                                                  
l.150  kruskal.test(tiempo ~
                             Método, data = Resultados)
Try typing  <return>  to proceed.
If that doesn't work, type  X <return>  to quit.


! Package inputenc Error: Invalid UTF-8 byte sequence.

See the inputenc package documentation for explanation.
Type  H <return>  for immediate help.
 ...                                              
                                                  
l.150  kruskal.test(tiempo ~ Método,
                                      data = Resultados)
The document does not appear to be in UTF-8 encoding.
Try adding \UseRawInputEncoding as the first line of the file
or specify an encoding such as \usepackage [latin1]{inputenc}
in the document preamble.
Alternatively, save the file in UTF-8 using your editor or another tool


! Package inputenc Error: Invalid UTF-8 byte 169.

See the inputenc package documentation for explanation.
Type  H <return>  for immediate help.
 ...                                              
                                                  
l.150  kruskal.test(tiempo ~ Método,
                                      data = Resultados)
The document does not appear to be in UTF-8 encoding.
Try adding \UseRawInputEncoding as the first line of the file
or specify an encoding such as \usepackage [latin1]{inputenc}
in the document preamble.
Alternatively, save the file in UTF-8 using your editor or another tool


! Package xcolor Error: Undefined color `RoyalBlue'.

See the xcolor package documentation for explanation.
Type  H <return>  for immediate help.
 ...                                              
                                                  
l.150  kruskal.test(tiempo ~ Método, data 
                                           = Resultados)
Try typing  <return>  to proceed.
If that doesn't work, type  X <return>  to quit.


! Package xcolor Error: Undefined color `Blue'.

See the xcolor package documentation for explanation.
Type  H <return>  for immediate help.
 ...                                              
                                                  
l.152     Kruskal-
                  Wallis rank sum test
Try typing  <return>  to proceed.
If that doesn't work, type  X <return>  to quit.


! Package xcolor Error: Undefined color `Blue'.

See the xcolor package documentation for explanation.
Type  H <return>  for immediate help.
 ...                                              
                                                  
l.152     Kruskal-
                  Wallis rank sum test
Try typing  <return>  to proceed.
If that doesn't work, type  X <return>  to quit.


! Package xcolor Error: Undefined color `RoyalBlue'.

See the xcolor package documentation for explanation.
Type  H <return>  for immediate help.
 ...                                              
                                                  
l.152     Kruskal-Wallis rank 
                              sum test
Try typing  <return>  to proceed.
If that doesn't work, type  X <return>  to quit.


! Package xcolor Error: Undefined color `RoyalBlue'.

See the xcolor package documentation for explanation.
Type  H <return>  for immediate help.
 ...                                              
                                                  
l.152     Kruskal-Wallis rank sum 
                                  test
Try typing  <return>  to proceed.
If that doesn't work, type  X <return>  to quit.


! Package xcolor Error: Undefined color `Blue'.

See the xcolor package documentation for explanation.
Type  H <return>  for immediate help.
 ...                                              
                                                  
l.154 data:
             datos$Objetivo by Método
Try typing  <return>  to proceed.
If that doesn't work, type  X <return>  to quit.


! Package xcolor Error: Undefined color `Blue'.

See the xcolor package documentation for explanation.
Type  H <return>  for immediate help.
 ...                                              
                                                  
l.154 data:
             datos$Objetivo by Método
Try typing  <return>  to proceed.
If that doesn't work, type  X <return>  to quit.


! Package xcolor Error: Undefined color `RoyalBlue'.

See the xcolor package documentation for explanation.
Type  H <return>  for immediate help.
 ...                                              
                                                  
l.154 data:
             datos$Objetivo by Método
Try typing  <return>  to proceed.
If that doesn't work, type  X <return>  to quit.


! Package xcolor Error: Undefined color `RoyalBlue'.

See the xcolor package documentation for explanation.
Type  H <return>  for immediate help.
 ...                                              
                                                  
l.154 data:  datos$
                   Objetivo by Método
Try typing  <return>  to proceed.
If that doesn't work, type  X <return>  to quit.


! Package xcolor Error: Undefined color `RoyalBlue'.

See the xcolor package documentation for explanation.
Type  H <return>  for immediate help.
 ...                                              
                                                  
l.154 data:  datos$Objetivo by 
                               Método
Try typing  <return>  to proceed.
If that doesn't work, type  X <return>  to quit.


! Package inputenc Error: Invalid UTF-8 byte sequence.

See the inputenc package documentation for explanation.
Type  H <return>  for immediate help.
 ...                                              
                                                  
l.154 data:  datos$Objetivo by Método
                                      
The document does not appear to be in UTF-8 encoding.
Try adding \UseRawInputEncoding as the first line of the file
or specify an encoding such as \usepackage [latin1]{inputenc}
in the document preamble.
Alternatively, save the file in UTF-8 using your editor or another tool


! Package inputenc Error: Invalid UTF-8 byte 169.

See the inputenc package documentation for explanation.
Type  H <return>  for immediate help.
 ...                                              
                                                  
l.154 data:  datos$Objetivo by Método
                                      
The document does not appear to be in UTF-8 encoding.
Try adding \UseRawInputEncoding as the first line of the file
or specify an encoding such as \usepackage [latin1]{inputenc}
in the document preamble.
Alternatively, save the file in UTF-8 using your editor or another tool


! Package xcolor Error: Undefined color `Blue'.

See the xcolor package documentation for explanation.
Type  H <return>  for immediate help.
 ...                                              
                                                  
l.155 Kruskal-
              Wallis chi-squared = 0.03694, df = 1,
Try typing  <return>  to proceed.
If that doesn't work, type  X <return>  to quit.


! Package xcolor Error: Undefined color `RoyalBlue'.

See the xcolor package documentation for explanation.
Type  H <return>  for immediate help.
 ...                                              
                                                  
l.155 Kruskal-Wallis chi-squared = 0.03694, df 
                                               = 1,
Try typing  <return>  to proceed.
If that doesn't work, type  X <return>  to quit.


! Package xcolor Error: Undefined color `Blue'.

See the xcolor package documentation for explanation.
Type  H <return>  for immediate help.
 ...                                              
                                                  
l.156 p-
        value = 0.8476
Try typing  <return>  to proceed.
If that doesn't work, type  X <return>  to quit.

[8]

! LaTeX Error: \begin{itemize} on input line 60 ended by \end{document}.

See the LaTeX manual or LaTeX Companion for explanation.
Type  H <return>  for immediate help.
 ...                                              
                                                  
l.168 \end{document}
                    
Your command was ignored.
Type  I <command> <return>  to replace it with another command,
or  <return>  to continue without it.

[9] (ESCRITO.aux
LaTeX Info: Redefining \. on input line 6.
LaTeX Info: Redefining \% on input line 6.
) )
(\end occurred inside a group at level 1)

### semi simple group (level 1) entered at line 60 (\begingroup)
### bottom level 
Here is how much of TeX's memory you used:
 7465 strings out of 492973
 102564 string characters out of 3123589
 398635 words of memory out of 3000000
 11210 multiletter control sequences out of 15000+200000
 12606 words of font info for 49 fonts, out of 3000000 for 9000
 1141 hyphenation exceptions out of 8191
 41i,8n,40p,492b,1797s stack positions out of 5000i,500n,10000p,200000b,50000s
<C:/Users/Liliana Saus/AppData/Local/Programs/MiKTeX 2.9/fonts/
type1/public/amsfonts/cm/cmbx12.pfb><C:/Users/Liliana Saus/AppData/Local/Progra
ms/MiKTeX 2.9/fonts/type1/public/amsfonts/cm/cmcsc10.pfb><C:/Users/Liliana Saus
/AppData/Local/Programs/MiKTeX 2.9/fonts/type1/public/amsfonts/cm/cmmi12.pfb><C
:/Users/Liliana Saus/AppData/Local/Programs/MiKTeX 2.9/fonts/type1/public/amsfo
nts/cm/cmr12.pfb><C:/Users/Liliana Saus/AppData/Local/Programs/MiKTeX 2.9/fonts
/type1/public/amsfonts/cm/cmr17.pfb><C:/Users/Liliana Saus/AppData/Local/Progra
ms/MiKTeX 2.9/fonts/type1/public/amsfonts/cm/cmsy10.pfb><C:/Users/Liliana Saus/
AppData/Local/Programs/MiKTeX 2.9/fonts/type1/public/amsfonts/cm/cmti12.pfb><C:
/Users/Liliana Saus/AppData/Local/Programs/MiKTeX 2.9/fonts/type1/public/amsfon
ts/cm/cmtt12.pfb>
Output written on ESCRITO.pdf (9 pages, 127442 bytes).
PDF statistics:
 88 PDF objects out of 1000 (max. 8388607)
 0 named destinations out of 1000 (max. 500000)
 21 words of extra memory for PDF output out of 10000 (max. 10000000)

